# JRE version: OpenJDK Runtime Environment Temurin-25.0.4.1+1 (25.0.4.1+1) (build 25.0.4.1+1-LTS)
# Java VM: OpenJDK 64-Bit Server VM Temurin-25.0.4.1+1 (25.0.4.1+1-LTS, mixed mode, sharing, tiered, compressed oops, compressed class ptrs, g1 gc, linux-amd64)
GC Precious Log:
 CardTable entry size: 512
 Card Set container configuration: InlinePtr #cards 4 size 8 Array Of Cards #cards 16 size 48 Howl #buckets 8 coarsen threshold 3686 Howl Bitmap #cards 512 size 80 coarsen threshold 460 Card regions per heap region 1 cards per card region 4096
 CPUs: 2 total, 2 available
 Memory: 2048M
 Large Page Support: Disabled
 NUMA Support: Disabled
 Compressed Oops: Enabled (Zero based)
 Heap Region Size: 2M
 Heap Min Capacity: 8M
 Heap Initial Capacity: 32M
 Heap Max Capacity: 4G
 Pre-touch: Disabled
 Parallel Workers: 2
 Concurrent Workers: 1
 Concurrent Refinement Workers: 2
 Periodic GC: Disabled
Heap:
 garbage-first heap   total reserved 4194304K, committed 284672K, used 219136K [0x0000000700000000, 0x0000000800000000)
  region size 2048K, 3 young (6144K), 3 survivors (6144K)
GC Heap Usage History (20 events):
Event: 1.898 {heap After GC invocations=8 (full 0):
 garbage-first heap   total reserved 4194304K, committed 55296K, used 26398K [0x0000000700000000, 0x0000000800000000)
  region size 2048K, 2 young (4096K), 2 survivors (4096K)
}
Event: 1.913 {heap Before GC invocations=8 (full 0):
 garbage-first heap   total reserved 4194304K, committed 55296K, used 30494K [0x0000000700000000, 0x0000000800000000)
  region size 2048K, 5 young (10240K), 2 survivors (4096K)
}
Event: 1.920 {heap After GC invocations=9 (full 0):
 garbage-first heap   total reserved 4194304K, committed 106496K, used 28583K [0x0000000700000000, 0x0000000800000000)
  region size 2048K, 1 young (2048K), 1 survivors (2048K)
}
Event: 2.520 {heap Before GC invocations=9 (full 0):
 garbage-first heap   total reserved 4194304K, committed 106496K, used 79783K [0x0000000700000000, 0x0000000800000000)
  region size 2048K, 24 young (49152K), 1 survivors (2048K)
}
Event: 2.585 {heap After GC invocations=10 (full 0):
 garbage-first heap   total reserved 4194304K, committed 106496K, used 49644K [0x0000000700000000, 0x0000000800000000)
  region size 2048K, 3 young (6144K), 3 survivors (6144K)
}
Event: 2.785 {heap Before GC invocations=10 (full 0):
 garbage-first heap   total reserved 4194304K, committed 106496K, used 80364K [0x0000000700000000, 0x0000000800000000)
  region size 2048K, 18 young (36864K), 3 survivors (6144K)
}
Event: 2.807 {heap After GC invocations=11 (full 0):
 garbage-first heap   total reserved 4194304K, committed 106496K, used 63630K [0x0000000700000000, 0x0000000800000000)
  region size 2048K, 3 young (6144K), 3 survivors (6144K)
}
Event: 2.912 {heap Before GC invocations=11 (full 0):
 garbage-first heap   total reserved 4194304K, committed 106496K, used 84110K [0x0000000700000000, 0x0000000800000000)
  region size 2048K, 13 young (26624K), 3 survivors (6144K)
}
Event: 2.986 {heap After GC invocations=12 (full 0):
 garbage-first heap   total reserved 4194304K, committed 106496K, used 73870K [0x0000000700000000, 0x0000000800000000)
  region size 2048K, 2 young (4096K), 2 survivors (4096K)
}
Event: 3.077 {heap Before GC invocations=12 (full 0):
 garbage-first heap   total reserved 4194304K, committed 106496K, used 88206K [0x0000000700000000, 0x0000000800000000)
  region size 2048K, 9 young (18432K), 2 survivors (4096K)
}
Event: 3.087 {heap After GC invocations=13 (full 0):
 garbage-first heap   total reserved 4194304K, committed 284672K, used 81038K [0x0000000700000000, 0x0000000800000000)
  region size 2048K, 2 young (4096K), 2 survivors (4096K)
}
Event: 3.798 {heap Before GC invocations=14 (full 0):
 garbage-first heap   total reserved 4194304K, committed 274432K, used 179342K [0x0000000700000000, 0x0000000800000000)
  region size 2048K, 51 young (104448K), 2 survivors (4096K)
}
Event: 3.903 {heap After GC invocations=15 (full 0):
 garbage-first heap   total reserved 4194304K, committed 274432K, used 124046K [0x0000000700000000, 0x0000000800000000)
  region size 2048K, 7 young (14336K), 7 survivors (14336K)
}
Event: 4.215 {heap Before GC invocations=15 (full 0):
 garbage-first heap   total reserved 4194304K, committed 274432K, used 191630K [0x0000000700000000, 0x0000000800000000)
  region size 2048K, 40 young (81920K), 7 survivors (14336K)
}
Event: 4.400 {heap After GC invocations=16 (full 0):
 garbage-first heap   total reserved 4194304K, committed 274432K, used 154624K [0x0000000700000000, 0x0000000800000000)
  region size 2048K, 5 young (10240K), 5 survivors (10240K)
}
Event: 4.607 {heap Before GC invocations=16 (full 0):
 garbage-first heap   total reserved 4194304K, committed 274432K, used 211968K [0x0000000700000000, 0x0000000800000000)
  region size 2048K, 33 young (67584K), 5 survivors (10240K)
}
Event: 4.694 {heap After GC invocations=17 (full 0):
 garbage-first heap   total reserved 4194304K, committed 274432K, used 181248K [0x0000000700000000, 0x0000000800000000)
  region size 2048K, 5 young (10240K), 5 survivors (10240K)
}
Event: 5.104 {heap Before GC invocations=17 (full 0):
 garbage-first heap   total reserved 4194304K, committed 274432K, used 226304K [0x0000000700000000, 0x0000000800000000)
  region size 2048K, 27 young (55296K), 5 survivors (10240K)
}
Event: 5.199 {heap After GC invocations=18 (full 0):
 garbage-first heap   total reserved 4194304K, committed 274432K, used 202752K [0x0000000700000000, 0x0000000800000000)
  region size 2048K, 4 young (8192K), 4 survivors (8192K)
}
Event: 5.418 {heap Before GC invocations=18 (full 0):
 garbage-first heap   total reserved 4194304K, committed 274432K, used 237568K [0x0000000700000000, 0x0000000800000000)
  region size 2048K, 21 young (43008K), 4 survivors (8192K)
}

