# JRE version: OpenJDK Runtime Environment Temurin-25.0.4.1+1 (25.0.4.1+1) (build 25.0.4.1+1-LTS)
# Java VM: OpenJDK 64-Bit Server VM Temurin-25.0.4.1+1 (25.0.4.1+1-LTS, mixed mode, sharing, tiered, compressed oops, compressed class ptrs, g1 gc, linux-amd64)
GC Precious Log:
 CardTable entry size: 512
 Card Set container configuration: InlinePtr #cards 4 size 8 Array Of Cards #cards 16 size 48 Howl #buckets 8 coarsen threshold 3686 Howl Bitmap #cards 512 size 80 coarsen threshold 460 Card regions per heap region 1 cards per card region 4096
 CPUs: 2 total, 2 available
 Memory: 2048M
 Large Page Support: Disabled
 NUMA Support: Disabled
 Compressed Oops: Enabled (Zero based)
 Heap Region Size: 2M
 Heap Min Capacity: 8M
 Heap Initial Capacity: 32M
 Heap Max Capacity: 4G
 Pre-touch: Disabled
 Parallel Workers: 2
 Concurrent Workers: 1
 Concurrent Refinement Workers: 2
 Periodic GC: Disabled
Heap:
 garbage-first heap   total reserved 4194304K, committed 348160K, used 285696K [0x0000000700000000, 0x0000000800000000)
  region size 2048K, 3 young (6144K), 3 survivors (6144K)
GC Heap Usage History (20 events):
Event: 2.191 {heap After GC invocations=8 (full 0):
 garbage-first heap   total reserved 4194304K, committed 57344K, used 26344K [0x0000000700000000, 0x0000000800000000)
  region size 2048K, 2 young (4096K), 2 survivors (4096K)
}
Event: 2.258 {heap Before GC invocations=8 (full 0):
 garbage-first heap   total reserved 4194304K, committed 57344K, used 30440K [0x0000000700000000, 0x0000000800000000)
  region size 2048K, 5 young (10240K), 2 survivors (4096K)
}
Event: 2.266 {heap After GC invocations=9 (full 0):
 garbage-first heap   total reserved 4194304K, committed 161792K, used 28505K [0x0000000700000000, 0x0000000800000000)
  region size 2048K, 1 young (2048K), 1 survivors (2048K)
}
Event: 2.996 {heap Before GC invocations=9 (full 0):
 garbage-first heap   total reserved 4194304K, committed 161792K, used 116569K [0x0000000700000000, 0x0000000800000000)
  region size 2048K, 43 young (88064K), 1 survivors (2048K)
}
Event: 3.079 {heap After GC invocations=10 (full 0):
 garbage-first heap   total reserved 4194304K, committed 161792K, used 65678K [0x0000000700000000, 0x0000000800000000)
  region size 2048K, 6 young (12288K), 6 survivors (12288K)
}
Event: 3.366 {heap Before GC invocations=10 (full 0):
 garbage-first heap   total reserved 4194304K, committed 161792K, used 112782K [0x0000000700000000, 0x0000000800000000)
  region size 2048K, 29 young (59392K), 6 survivors (12288K)
}
Event: 3.395 {heap After GC invocations=11 (full 0):
 garbage-first heap   total reserved 4194304K, committed 161792K, used 87182K [0x0000000700000000, 0x0000000800000000)
  region size 2048K, 4 young (8192K), 4 survivors (8192K)
}
Event: 3.586 {heap Before GC invocations=11 (full 0):
 garbage-first heap   total reserved 4194304K, committed 161792K, used 121998K [0x0000000700000000, 0x0000000800000000)
  region size 2048K, 22 young (45056K), 4 survivors (8192K)
}
Event: 3.666 {heap After GC invocations=12 (full 0):
 garbage-first heap   total reserved 4194304K, committed 161792K, used 103566K [0x0000000700000000, 0x0000000800000000)
  region size 2048K, 3 young (6144K), 3 survivors (6144K)
}
Event: 3.967 {heap Before GC invocations=12 (full 0):
 garbage-first heap   total reserved 4194304K, committed 161792K, used 132238K [0x0000000700000000, 0x0000000800000000)
  region size 2048K, 17 young (34816K), 3 survivors (6144K)
}
Event: 3.986 {heap After GC invocations=13 (full 0):
 garbage-first heap   total reserved 4194304K, committed 348160K, used 115854K [0x0000000700000000, 0x0000000800000000)
  region size 2048K, 3 young (6144K), 3 survivors (6144K)
}
Event: 4.867 {heap Before GC invocations=14 (full 0):
 garbage-first heap   total reserved 4194304K, committed 348160K, used 232590K [0x0000000700000000, 0x0000000800000000)
  region size 2048K, 60 young (122880K), 3 survivors (6144K)
}
Event: 4.988 {heap After GC invocations=15 (full 0):
 garbage-first heap   total reserved 4194304K, committed 348160K, used 168078K [0x0000000700000000, 0x0000000800000000)
  region size 2048K, 8 young (16384K), 8 survivors (16384K)
}
Event: 5.468 {heap Before GC invocations=15 (full 0):
 garbage-first heap   total reserved 4194304K, committed 348160K, used 258190K [0x0000000700000000, 0x0000000800000000)
  region size 2048K, 52 young (106496K), 8 survivors (16384K)
}
Event: 5.766 {heap After GC invocations=16 (full 0):
 garbage-first heap   total reserved 4194304K, committed 348160K, used 209920K [0x0000000700000000, 0x0000000800000000)
  region size 2048K, 7 young (14336K), 7 survivors (14336K)
}
Event: 6.068 {heap Before GC invocations=16 (full 0):
 garbage-first heap   total reserved 4194304K, committed 348160K, used 277504K [0x0000000700000000, 0x0000000800000000)
  region size 2048K, 40 young (81920K), 7 survivors (14336K)
}
Event: 6.180 {heap After GC invocations=17 (full 0):
 garbage-first heap   total reserved 4194304K, committed 348160K, used 241664K [0x0000000700000000, 0x0000000800000000)
  region size 2048K, 5 young (10240K), 5 survivors (10240K)
}
Event: 6.488 {heap Before GC invocations=17 (full 0):
 garbage-first heap   total reserved 4194304K, committed 348160K, used 292864K [0x0000000700000000, 0x0000000800000000)
  region size 2048K, 30 young (61440K), 5 survivors (10240K)
}
Event: 6.576 {heap After GC invocations=18 (full 0):
 garbage-first heap   total reserved 4194304K, committed 348160K, used 266240K [0x0000000700000000, 0x0000000800000000)
  region size 2048K, 4 young (8192K), 4 survivors (8192K)
}
Event: 6.784 {heap Before GC invocations=18 (full 0):
 garbage-first heap   total reserved 4194304K, committed 348160K, used 305152K [0x0000000700000000, 0x0000000800000000)
  region size 2048K, 23 young (47104K), 4 survivors (8192K)
}

